11:51:23 DEBUG : Logs will be stored at 'C:/Users/Aditya/ece385/final_project/raycaster_final_v1/re_workspace/IDE.log'.
11:51:29 INFO  : Launching XSCT server: xsct.bat -n  -interactive C:\Users\Aditya\ece385\final_project\raycaster_final_v1\re_workspace\temp_xsdb_launch_script.tcl
11:51:29 INFO  : Registering command handlers for Vitis TCF services
11:51:29 INFO  : Platform repository initialization has completed.
11:51:33 INFO  : XSCT server has started successfully.
11:51:33 INFO  : plnx-install-location is set to ''
11:51:33 INFO  : Successfully done setting XSCT server connection channel  
11:51:33 INFO  : Successfully done query RDI_DATADIR 
11:51:34 INFO  : Successfully done setting workspace for the tool. 
11:52:53 INFO  : Result from executing command 'getProjects': mb_usb_hdmi_top
11:52:53 INFO  : Result from executing command 'getPlatforms': 
11:52:53 WARN  : An unexpected exception occurred in the module 'platform project logging'
11:52:54 INFO  : Platform 'mb_usb_hdmi_top' is added to custom repositories.
11:52:59 INFO  : Platform 'mb_usb_hdmi_top' is added to custom repositories.
11:55:02 INFO  : Hardware specification for platform project 'mb_usb_hdmi_top' is updated.
11:55:26 INFO  : Result from executing command 'removePlatformRepo': 
11:56:02 INFO  : Result from executing command 'getProjects': mb_usb_hdmi_top
11:56:02 INFO  : Result from executing command 'getPlatforms': 
11:56:02 INFO  : Checking for BSP changes to sync application flags for project 're_raycaster'...
11:56:37 INFO  : Connected to target on host '127.0.0.1' and port '3121'.
11:56:38 INFO  : Jtag cable 'RealDigital Boo 887429230027A' is selected.
11:56:38 INFO  : 'jtag frequency' command is executed.
11:56:38 INFO  : 'targets -set -filter {jtag_cable_name =~ "RealDigital Boo 887429230027A" && level==0 && jtag_device_ctx=="jsn1-0362f093-0"}' command is executed.
11:56:39 INFO  : Device configured successfully with "C:/Users/Aditya/ece385/final_project/raycaster_final_v1/re_workspace/re_raycaster/_ide/bitstream/mb_usb_hdmi_top.bit"
11:56:39 INFO  : Context for processor 'microblaze_0' is selected.
11:56:40 INFO  : Hardware design and registers information is loaded from 'C:/Users/Aditya/ece385/final_project/raycaster_final_v1/re_workspace/mb_usb_hdmi_top/export/mb_usb_hdmi_top/hw/mb_usb_hdmi_top.xsa'.
11:56:40 INFO  : 'configparams mdm-detect-bscan-mask 2' command is executed.
11:56:40 INFO  : Context for processor 'microblaze_0' is selected.
11:56:40 INFO  : System reset is completed.
11:56:43 INFO  : 'after 3000' command is executed.
11:56:43 INFO  : Context for processor 'microblaze_0' is selected.
11:56:43 INFO  : The application 'C:/Users/Aditya/ece385/final_project/raycaster_final_v1/re_workspace/re_raycaster/Debug/re_raycaster.elf' is downloaded to processor 'microblaze_0'.
11:56:43 INFO  : ----------------XSDB Script----------------
connect -url tcp:127.0.0.1:3121
targets -set -filter {jtag_cable_name =~ "RealDigital Boo 887429230027A" && level==0 && jtag_device_ctx=="jsn1-0362f093-0"}
fpga -file C:/Users/Aditya/ece385/final_project/raycaster_final_v1/re_workspace/re_raycaster/_ide/bitstream/mb_usb_hdmi_top.bit
targets -set -nocase -filter {name =~ "*microblaze*#0" && bscan=="USER2" }
loadhw -hw C:/Users/Aditya/ece385/final_project/raycaster_final_v1/re_workspace/mb_usb_hdmi_top/export/mb_usb_hdmi_top/hw/mb_usb_hdmi_top.xsa -regs
configparams mdm-detect-bscan-mask 2
targets -set -nocase -filter {name =~ "*microblaze*#0" && bscan=="USER2" }
rst -system
after 3000
targets -set -nocase -filter {name =~ "*microblaze*#0" && bscan=="USER2" }
dow C:/Users/Aditya/ece385/final_project/raycaster_final_v1/re_workspace/re_raycaster/Debug/re_raycaster.elf
----------------End of Script----------------

11:56:43 INFO  : Context for processor 'microblaze_0' is selected.
11:56:43 INFO  : 'con' command is executed.
11:56:43 INFO  : ----------------XSDB Script (After Launch)----------------
targets -set -nocase -filter {name =~ "*microblaze*#0" && bscan=="USER2" }
con
----------------End of Script----------------

11:56:43 INFO  : Disconnected from the channel tcfchan#3.
11:58:08 INFO  : Result from executing command 'removePlatformRepo': 
11:59:04 ERROR : Error from executing command 'removePlatformRepo': ERROR: No valid directory exists at given path.
11:59:29 INFO  : Result from executing command 'getProjects': mb_usb_hdmi_top
11:59:29 INFO  : Result from executing command 'getPlatforms': 
11:59:30 INFO  : Checking for BSP changes to sync application flags for project 're_raycaster'...
11:59:43 INFO  : Connected to target on host '127.0.0.1' and port '3121'.
11:59:43 INFO  : Jtag cable 'RealDigital Boo 887429230027A' is selected.
11:59:43 INFO  : 'jtag frequency' command is executed.
11:59:43 INFO  : 'targets -set -filter {jtag_cable_name =~ "RealDigital Boo 887429230027A" && level==0 && jtag_device_ctx=="jsn1-0362f093-0"}' command is executed.
11:59:44 INFO  : Device configured successfully with "C:/Users/Aditya/ece385/final_project/raycaster_final_v1/re_workspace/re_raycaster/_ide/bitstream/mb_usb_hdmi_top.bit"
11:59:44 INFO  : Context for processor 'microblaze_0' is selected.
11:59:45 INFO  : Hardware design and registers information is loaded from 'C:/Users/Aditya/ece385/final_project/raycaster_final_v1/re_workspace/mb_usb_hdmi_top/export/mb_usb_hdmi_top/hw/mb_usb_hdmi_top.xsa'.
11:59:45 INFO  : 'configparams mdm-detect-bscan-mask 2' command is executed.
11:59:45 INFO  : Context for processor 'microblaze_0' is selected.
11:59:45 INFO  : System reset is completed.
11:59:48 INFO  : 'after 3000' command is executed.
11:59:48 INFO  : Context for processor 'microblaze_0' is selected.
11:59:48 INFO  : The application 'C:/Users/Aditya/ece385/final_project/raycaster_final_v1/re_workspace/re_raycaster/Debug/re_raycaster.elf' is downloaded to processor 'microblaze_0'.
11:59:48 INFO  : ----------------XSDB Script----------------
connect -url tcp:127.0.0.1:3121
targets -set -filter {jtag_cable_name =~ "RealDigital Boo 887429230027A" && level==0 && jtag_device_ctx=="jsn1-0362f093-0"}
fpga -file C:/Users/Aditya/ece385/final_project/raycaster_final_v1/re_workspace/re_raycaster/_ide/bitstream/mb_usb_hdmi_top.bit
targets -set -nocase -filter {name =~ "*microblaze*#0" && bscan=="USER2" }
loadhw -hw C:/Users/Aditya/ece385/final_project/raycaster_final_v1/re_workspace/mb_usb_hdmi_top/export/mb_usb_hdmi_top/hw/mb_usb_hdmi_top.xsa -regs
configparams mdm-detect-bscan-mask 2
targets -set -nocase -filter {name =~ "*microblaze*#0" && bscan=="USER2" }
rst -system
after 3000
targets -set -nocase -filter {name =~ "*microblaze*#0" && bscan=="USER2" }
dow C:/Users/Aditya/ece385/final_project/raycaster_final_v1/re_workspace/re_raycaster/Debug/re_raycaster.elf
----------------End of Script----------------

11:59:48 INFO  : Context for processor 'microblaze_0' is selected.
11:59:48 INFO  : 'con' command is executed.
11:59:48 INFO  : ----------------XSDB Script (After Launch)----------------
targets -set -nocase -filter {name =~ "*microblaze*#0" && bscan=="USER2" }
con
----------------End of Script----------------

11:59:48 INFO  : Disconnected from the channel tcfchan#7.
12:01:22 INFO  : Result from executing command 'removePlatformRepo': 
12:01:52 INFO  : Result from executing command 'getProjects': mb_usb_hdmi_top
12:01:52 INFO  : Result from executing command 'getPlatforms': 
12:01:52 INFO  : Checking for BSP changes to sync application flags for project 're_raycaster'...
12:02:09 INFO  : Connected to target on host '127.0.0.1' and port '3121'.
12:02:09 INFO  : Jtag cable 'RealDigital Boo 887429230027A' is selected.
12:02:09 INFO  : 'jtag frequency' command is executed.
12:02:09 INFO  : 'targets -set -filter {jtag_cable_name =~ "RealDigital Boo 887429230027A" && level==0 && jtag_device_ctx=="jsn1-0362f093-0"}' command is executed.
12:02:11 INFO  : Device configured successfully with "C:/Users/Aditya/ece385/final_project/raycaster_final_v1/re_workspace/re_raycaster/_ide/bitstream/mb_usb_hdmi_top.bit"
12:02:11 INFO  : Context for processor 'microblaze_0' is selected.
12:02:11 INFO  : Hardware design and registers information is loaded from 'C:/Users/Aditya/ece385/final_project/raycaster_final_v1/re_workspace/mb_usb_hdmi_top/export/mb_usb_hdmi_top/hw/mb_usb_hdmi_top.xsa'.
12:02:11 INFO  : 'configparams mdm-detect-bscan-mask 2' command is executed.
12:02:11 INFO  : Context for processor 'microblaze_0' is selected.
12:02:11 INFO  : System reset is completed.
12:02:14 INFO  : 'after 3000' command is executed.
12:02:14 INFO  : Context for processor 'microblaze_0' is selected.
12:02:14 INFO  : The application 'C:/Users/Aditya/ece385/final_project/raycaster_final_v1/re_workspace/re_raycaster/Debug/re_raycaster.elf' is downloaded to processor 'microblaze_0'.
12:02:14 INFO  : ----------------XSDB Script----------------
connect -url tcp:127.0.0.1:3121
targets -set -filter {jtag_cable_name =~ "RealDigital Boo 887429230027A" && level==0 && jtag_device_ctx=="jsn1-0362f093-0"}
fpga -file C:/Users/Aditya/ece385/final_project/raycaster_final_v1/re_workspace/re_raycaster/_ide/bitstream/mb_usb_hdmi_top.bit
targets -set -nocase -filter {name =~ "*microblaze*#0" && bscan=="USER2" }
loadhw -hw C:/Users/Aditya/ece385/final_project/raycaster_final_v1/re_workspace/mb_usb_hdmi_top/export/mb_usb_hdmi_top/hw/mb_usb_hdmi_top.xsa -regs
configparams mdm-detect-bscan-mask 2
targets -set -nocase -filter {name =~ "*microblaze*#0" && bscan=="USER2" }
rst -system
after 3000
targets -set -nocase -filter {name =~ "*microblaze*#0" && bscan=="USER2" }
dow C:/Users/Aditya/ece385/final_project/raycaster_final_v1/re_workspace/re_raycaster/Debug/re_raycaster.elf
----------------End of Script----------------

12:02:14 INFO  : Context for processor 'microblaze_0' is selected.
12:02:14 INFO  : 'con' command is executed.
12:02:14 INFO  : ----------------XSDB Script (After Launch)----------------
targets -set -nocase -filter {name =~ "*microblaze*#0" && bscan=="USER2" }
con
----------------End of Script----------------

12:02:14 INFO  : Disconnected from the channel tcfchan#10.
12:06:00 INFO  : Result from executing command 'removePlatformRepo': 
12:06:27 INFO  : Result from executing command 'getProjects': mb_usb_hdmi_top
12:06:27 INFO  : Result from executing command 'getPlatforms': 
12:06:27 INFO  : Checking for BSP changes to sync application flags for project 're_raycaster'...
12:06:42 INFO  : Connected to target on host '127.0.0.1' and port '3121'.
12:06:43 INFO  : Jtag cable 'RealDigital Boo 887429230027A' is selected.
12:06:43 INFO  : 'jtag frequency' command is executed.
12:06:43 INFO  : 'targets -set -filter {jtag_cable_name =~ "RealDigital Boo 887429230027A" && level==0 && jtag_device_ctx=="jsn1-0362f093-0"}' command is executed.
12:06:44 INFO  : Device configured successfully with "C:/Users/Aditya/ece385/final_project/raycaster_final_v1/re_workspace/re_raycaster/_ide/bitstream/mb_usb_hdmi_top.bit"
12:06:44 INFO  : Context for processor 'microblaze_0' is selected.
12:06:44 INFO  : Hardware design and registers information is loaded from 'C:/Users/Aditya/ece385/final_project/raycaster_final_v1/re_workspace/mb_usb_hdmi_top/export/mb_usb_hdmi_top/hw/mb_usb_hdmi_top.xsa'.
12:06:44 INFO  : 'configparams mdm-detect-bscan-mask 2' command is executed.
12:06:44 INFO  : Context for processor 'microblaze_0' is selected.
12:06:44 INFO  : System reset is completed.
12:06:47 INFO  : 'after 3000' command is executed.
12:06:47 INFO  : Context for processor 'microblaze_0' is selected.
12:06:47 INFO  : The application 'C:/Users/Aditya/ece385/final_project/raycaster_final_v1/re_workspace/re_raycaster/Debug/re_raycaster.elf' is downloaded to processor 'microblaze_0'.
12:06:47 INFO  : ----------------XSDB Script----------------
connect -url tcp:127.0.0.1:3121
targets -set -filter {jtag_cable_name =~ "RealDigital Boo 887429230027A" && level==0 && jtag_device_ctx=="jsn1-0362f093-0"}
fpga -file C:/Users/Aditya/ece385/final_project/raycaster_final_v1/re_workspace/re_raycaster/_ide/bitstream/mb_usb_hdmi_top.bit
targets -set -nocase -filter {name =~ "*microblaze*#0" && bscan=="USER2" }
loadhw -hw C:/Users/Aditya/ece385/final_project/raycaster_final_v1/re_workspace/mb_usb_hdmi_top/export/mb_usb_hdmi_top/hw/mb_usb_hdmi_top.xsa -regs
configparams mdm-detect-bscan-mask 2
targets -set -nocase -filter {name =~ "*microblaze*#0" && bscan=="USER2" }
rst -system
after 3000
targets -set -nocase -filter {name =~ "*microblaze*#0" && bscan=="USER2" }
dow C:/Users/Aditya/ece385/final_project/raycaster_final_v1/re_workspace/re_raycaster/Debug/re_raycaster.elf
----------------End of Script----------------

12:06:48 INFO  : Context for processor 'microblaze_0' is selected.
12:06:48 INFO  : 'con' command is executed.
12:06:48 INFO  : ----------------XSDB Script (After Launch)----------------
targets -set -nocase -filter {name =~ "*microblaze*#0" && bscan=="USER2" }
con
----------------End of Script----------------

12:06:48 INFO  : Disconnected from the channel tcfchan#13.
12:11:11 INFO  : Result from executing command 'removePlatformRepo': 
12:11:35 INFO  : Result from executing command 'getProjects': mb_usb_hdmi_top
12:11:35 INFO  : Result from executing command 'getPlatforms': 
12:12:02 INFO  : Checking for BSP changes to sync application flags for project 're_raycaster'...
12:12:16 INFO  : Connected to target on host '127.0.0.1' and port '3121'.
12:12:16 INFO  : Jtag cable 'RealDigital Boo 887429230027A' is selected.
12:12:16 INFO  : 'jtag frequency' command is executed.
12:12:16 INFO  : 'targets -set -filter {jtag_cable_name =~ "RealDigital Boo 887429230027A" && level==0 && jtag_device_ctx=="jsn1-0362f093-0"}' command is executed.
12:12:18 INFO  : Device configured successfully with "C:/Users/Aditya/ece385/final_project/raycaster_final_v1/re_workspace/re_raycaster/_ide/bitstream/mb_usb_hdmi_top.bit"
12:12:18 INFO  : Context for processor 'microblaze_0' is selected.
12:12:18 INFO  : Hardware design and registers information is loaded from 'C:/Users/Aditya/ece385/final_project/raycaster_final_v1/re_workspace/mb_usb_hdmi_top/export/mb_usb_hdmi_top/hw/mb_usb_hdmi_top.xsa'.
12:12:18 INFO  : 'configparams mdm-detect-bscan-mask 2' command is executed.
12:12:18 INFO  : Context for processor 'microblaze_0' is selected.
12:12:18 INFO  : System reset is completed.
12:12:21 INFO  : 'after 3000' command is executed.
12:12:21 INFO  : Context for processor 'microblaze_0' is selected.
12:12:21 INFO  : The application 'C:/Users/Aditya/ece385/final_project/raycaster_final_v1/re_workspace/re_raycaster/Debug/re_raycaster.elf' is downloaded to processor 'microblaze_0'.
12:12:21 INFO  : ----------------XSDB Script----------------
connect -url tcp:127.0.0.1:3121
targets -set -filter {jtag_cable_name =~ "RealDigital Boo 887429230027A" && level==0 && jtag_device_ctx=="jsn1-0362f093-0"}
fpga -file C:/Users/Aditya/ece385/final_project/raycaster_final_v1/re_workspace/re_raycaster/_ide/bitstream/mb_usb_hdmi_top.bit
targets -set -nocase -filter {name =~ "*microblaze*#0" && bscan=="USER2" }
loadhw -hw C:/Users/Aditya/ece385/final_project/raycaster_final_v1/re_workspace/mb_usb_hdmi_top/export/mb_usb_hdmi_top/hw/mb_usb_hdmi_top.xsa -regs
configparams mdm-detect-bscan-mask 2
targets -set -nocase -filter {name =~ "*microblaze*#0" && bscan=="USER2" }
rst -system
after 3000
targets -set -nocase -filter {name =~ "*microblaze*#0" && bscan=="USER2" }
dow C:/Users/Aditya/ece385/final_project/raycaster_final_v1/re_workspace/re_raycaster/Debug/re_raycaster.elf
----------------End of Script----------------

12:12:21 INFO  : Context for processor 'microblaze_0' is selected.
12:12:21 INFO  : 'con' command is executed.
12:12:21 INFO  : ----------------XSDB Script (After Launch)----------------
targets -set -nocase -filter {name =~ "*microblaze*#0" && bscan=="USER2" }
con
----------------End of Script----------------

12:12:21 INFO  : Disconnected from the channel tcfchan#16.
12:17:59 INFO  : Result from executing command 'removePlatformRepo': 
12:18:30 INFO  : Result from executing command 'getProjects': mb_usb_hdmi_top
12:18:30 INFO  : Result from executing command 'getPlatforms': 
12:18:30 INFO  : Checking for BSP changes to sync application flags for project 're_raycaster'...
12:18:44 INFO  : Connected to target on host '127.0.0.1' and port '3121'.
12:18:44 INFO  : Jtag cable 'RealDigital Boo 887429230027A' is selected.
12:18:44 INFO  : 'jtag frequency' command is executed.
12:18:44 INFO  : 'targets -set -filter {jtag_cable_name =~ "RealDigital Boo 887429230027A" && level==0 && jtag_device_ctx=="jsn1-0362f093-0"}' command is executed.
12:18:46 INFO  : Device configured successfully with "C:/Users/Aditya/ece385/final_project/raycaster_final_v1/re_workspace/re_raycaster/_ide/bitstream/mb_usb_hdmi_top.bit"
12:18:46 INFO  : Context for processor 'microblaze_0' is selected.
12:18:46 INFO  : Hardware design and registers information is loaded from 'C:/Users/Aditya/ece385/final_project/raycaster_final_v1/re_workspace/mb_usb_hdmi_top/export/mb_usb_hdmi_top/hw/mb_usb_hdmi_top.xsa'.
12:18:46 INFO  : 'configparams mdm-detect-bscan-mask 2' command is executed.
12:18:46 INFO  : Context for processor 'microblaze_0' is selected.
12:18:46 INFO  : System reset is completed.
12:18:49 INFO  : 'after 3000' command is executed.
12:18:49 INFO  : Context for processor 'microblaze_0' is selected.
12:18:49 INFO  : The application 'C:/Users/Aditya/ece385/final_project/raycaster_final_v1/re_workspace/re_raycaster/Debug/re_raycaster.elf' is downloaded to processor 'microblaze_0'.
12:18:49 INFO  : ----------------XSDB Script----------------
connect -url tcp:127.0.0.1:3121
targets -set -filter {jtag_cable_name =~ "RealDigital Boo 887429230027A" && level==0 && jtag_device_ctx=="jsn1-0362f093-0"}
fpga -file C:/Users/Aditya/ece385/final_project/raycaster_final_v1/re_workspace/re_raycaster/_ide/bitstream/mb_usb_hdmi_top.bit
targets -set -nocase -filter {name =~ "*microblaze*#0" && bscan=="USER2" }
loadhw -hw C:/Users/Aditya/ece385/final_project/raycaster_final_v1/re_workspace/mb_usb_hdmi_top/export/mb_usb_hdmi_top/hw/mb_usb_hdmi_top.xsa -regs
configparams mdm-detect-bscan-mask 2
targets -set -nocase -filter {name =~ "*microblaze*#0" && bscan=="USER2" }
rst -system
after 3000
targets -set -nocase -filter {name =~ "*microblaze*#0" && bscan=="USER2" }
dow C:/Users/Aditya/ece385/final_project/raycaster_final_v1/re_workspace/re_raycaster/Debug/re_raycaster.elf
----------------End of Script----------------

12:18:49 INFO  : Context for processor 'microblaze_0' is selected.
12:18:49 INFO  : 'con' command is executed.
12:18:49 INFO  : ----------------XSDB Script (After Launch)----------------
targets -set -nocase -filter {name =~ "*microblaze*#0" && bscan=="USER2" }
con
----------------End of Script----------------

12:18:49 INFO  : Disconnected from the channel tcfchan#19.
12:43:11 INFO  : Hardware specification for platform project 'mb_usb_hdmi_top' is updated.
12:43:21 INFO  : Result from executing command 'removePlatformRepo': 
12:43:49 INFO  : Result from executing command 'getProjects': mb_usb_hdmi_top
12:43:49 INFO  : Result from executing command 'getPlatforms': 
12:43:50 INFO  : Checking for BSP changes to sync application flags for project 're_raycaster'...
12:43:55 INFO  : The hardware specification used by project 're_raycaster' is out of sync with the platform. Resource files extracted from the hardware specification will be updated.
12:43:55 INFO  : The file 'C:\Users\Aditya\ece385\final_project\raycaster_final_v1\re_workspace\re_raycaster\_ide\bitstream\mb_usb_hdmi_top.bit' stored in project is removed.
12:43:55 INFO  : The file 'C:\Users\Aditya\ece385\final_project\raycaster_final_v1\re_workspace\re_raycaster\_ide\bitstream\mb_usb_hdmi_top.mmi' stored in project is removed.
12:43:55 INFO  : The updated bitstream files are copied from platform to folder 'C:\Users\Aditya\ece385\final_project\raycaster_final_v1\re_workspace\re_raycaster\_ide\bitstream' in project 're_raycaster'.
12:44:03 INFO  : Connected to target on host '127.0.0.1' and port '3121'.
12:44:04 INFO  : Jtag cable 'RealDigital Boo 887429230027A' is selected.
12:44:04 INFO  : 'jtag frequency' command is executed.
12:44:04 INFO  : 'targets -set -filter {jtag_cable_name =~ "RealDigital Boo 887429230027A" && level==0 && jtag_device_ctx=="jsn1-0362f093-0"}' command is executed.
12:44:05 INFO  : Device configured successfully with "C:/Users/Aditya/ece385/final_project/raycaster_final_v1/re_workspace/re_raycaster/_ide/bitstream/mb_usb_hdmi_top.bit"
12:44:05 INFO  : Context for processor 'microblaze_0' is selected.
12:44:05 INFO  : Hardware design and registers information is loaded from 'C:/Users/Aditya/ece385/final_project/raycaster_final_v1/re_workspace/mb_usb_hdmi_top/export/mb_usb_hdmi_top/hw/mb_usb_hdmi_top.xsa'.
12:44:05 INFO  : 'configparams mdm-detect-bscan-mask 2' command is executed.
12:44:05 INFO  : Context for processor 'microblaze_0' is selected.
12:44:05 INFO  : System reset is completed.
12:44:08 INFO  : 'after 3000' command is executed.
12:44:08 INFO  : Context for processor 'microblaze_0' is selected.
12:44:09 INFO  : The application 'C:/Users/Aditya/ece385/final_project/raycaster_final_v1/re_workspace/re_raycaster/Debug/re_raycaster.elf' is downloaded to processor 'microblaze_0'.
12:44:09 INFO  : ----------------XSDB Script----------------
connect -url tcp:127.0.0.1:3121
targets -set -filter {jtag_cable_name =~ "RealDigital Boo 887429230027A" && level==0 && jtag_device_ctx=="jsn1-0362f093-0"}
fpga -file C:/Users/Aditya/ece385/final_project/raycaster_final_v1/re_workspace/re_raycaster/_ide/bitstream/mb_usb_hdmi_top.bit
targets -set -nocase -filter {name =~ "*microblaze*#0" && bscan=="USER2" }
loadhw -hw C:/Users/Aditya/ece385/final_project/raycaster_final_v1/re_workspace/mb_usb_hdmi_top/export/mb_usb_hdmi_top/hw/mb_usb_hdmi_top.xsa -regs
configparams mdm-detect-bscan-mask 2
targets -set -nocase -filter {name =~ "*microblaze*#0" && bscan=="USER2" }
rst -system
after 3000
targets -set -nocase -filter {name =~ "*microblaze*#0" && bscan=="USER2" }
dow C:/Users/Aditya/ece385/final_project/raycaster_final_v1/re_workspace/re_raycaster/Debug/re_raycaster.elf
----------------End of Script----------------

12:44:09 INFO  : Context for processor 'microblaze_0' is selected.
12:44:09 INFO  : 'con' command is executed.
12:44:09 INFO  : ----------------XSDB Script (After Launch)----------------
targets -set -nocase -filter {name =~ "*microblaze*#0" && bscan=="USER2" }
con
----------------End of Script----------------

12:44:09 INFO  : Disconnected from the channel tcfchan#22.
12:51:36 INFO  : Hardware specification for platform project 'mb_usb_hdmi_top' is updated.
12:51:47 INFO  : Result from executing command 'removePlatformRepo': 
12:52:19 INFO  : Result from executing command 'getProjects': mb_usb_hdmi_top
12:52:19 INFO  : Result from executing command 'getPlatforms': 
12:52:20 INFO  : Checking for BSP changes to sync application flags for project 're_raycaster'...
12:52:25 INFO  : The hardware specification used by project 're_raycaster' is out of sync with the platform. Resource files extracted from the hardware specification will be updated.
12:52:25 INFO  : The file 'C:\Users\Aditya\ece385\final_project\raycaster_final_v1\re_workspace\re_raycaster\_ide\bitstream\mb_usb_hdmi_top.bit' stored in project is removed.
12:52:25 INFO  : The file 'C:\Users\Aditya\ece385\final_project\raycaster_final_v1\re_workspace\re_raycaster\_ide\bitstream\mb_usb_hdmi_top.mmi' stored in project is removed.
12:52:25 INFO  : The updated bitstream files are copied from platform to folder 'C:\Users\Aditya\ece385\final_project\raycaster_final_v1\re_workspace\re_raycaster\_ide\bitstream' in project 're_raycaster'.
12:52:36 INFO  : Connected to target on host '127.0.0.1' and port '3121'.
12:52:36 INFO  : Jtag cable 'RealDigital Boo 887429230027A' is selected.
12:52:36 INFO  : 'jtag frequency' command is executed.
12:52:36 INFO  : 'targets -set -filter {jtag_cable_name =~ "RealDigital Boo 887429230027A" && level==0 && jtag_device_ctx=="jsn1-0362f093-0"}' command is executed.
12:52:37 INFO  : Device configured successfully with "C:/Users/Aditya/ece385/final_project/raycaster_final_v1/re_workspace/re_raycaster/_ide/bitstream/mb_usb_hdmi_top.bit"
12:52:38 INFO  : Context for processor 'microblaze_0' is selected.
12:52:38 INFO  : Hardware design and registers information is loaded from 'C:/Users/Aditya/ece385/final_project/raycaster_final_v1/re_workspace/mb_usb_hdmi_top/export/mb_usb_hdmi_top/hw/mb_usb_hdmi_top.xsa'.
12:52:38 INFO  : 'configparams mdm-detect-bscan-mask 2' command is executed.
12:52:38 INFO  : Context for processor 'microblaze_0' is selected.
12:52:38 INFO  : System reset is completed.
12:52:41 INFO  : 'after 3000' command is executed.
12:52:41 INFO  : Context for processor 'microblaze_0' is selected.
12:52:41 INFO  : The application 'C:/Users/Aditya/ece385/final_project/raycaster_final_v1/re_workspace/re_raycaster/Debug/re_raycaster.elf' is downloaded to processor 'microblaze_0'.
12:52:41 INFO  : ----------------XSDB Script----------------
connect -url tcp:127.0.0.1:3121
targets -set -filter {jtag_cable_name =~ "RealDigital Boo 887429230027A" && level==0 && jtag_device_ctx=="jsn1-0362f093-0"}
fpga -file C:/Users/Aditya/ece385/final_project/raycaster_final_v1/re_workspace/re_raycaster/_ide/bitstream/mb_usb_hdmi_top.bit
targets -set -nocase -filter {name =~ "*microblaze*#0" && bscan=="USER2" }
loadhw -hw C:/Users/Aditya/ece385/final_project/raycaster_final_v1/re_workspace/mb_usb_hdmi_top/export/mb_usb_hdmi_top/hw/mb_usb_hdmi_top.xsa -regs
configparams mdm-detect-bscan-mask 2
targets -set -nocase -filter {name =~ "*microblaze*#0" && bscan=="USER2" }
rst -system
after 3000
targets -set -nocase -filter {name =~ "*microblaze*#0" && bscan=="USER2" }
dow C:/Users/Aditya/ece385/final_project/raycaster_final_v1/re_workspace/re_raycaster/Debug/re_raycaster.elf
----------------End of Script----------------

12:52:41 INFO  : Context for processor 'microblaze_0' is selected.
12:52:41 INFO  : 'con' command is executed.
12:52:41 INFO  : ----------------XSDB Script (After Launch)----------------
targets -set -nocase -filter {name =~ "*microblaze*#0" && bscan=="USER2" }
con
----------------End of Script----------------

12:52:41 INFO  : Disconnected from the channel tcfchan#25.
12:59:52 INFO  : Hardware specification for platform project 'mb_usb_hdmi_top' is updated.
13:00:04 INFO  : Result from executing command 'removePlatformRepo': 
13:00:31 INFO  : Result from executing command 'getProjects': mb_usb_hdmi_top
13:00:31 INFO  : Result from executing command 'getPlatforms': 
13:00:31 INFO  : Checking for BSP changes to sync application flags for project 're_raycaster'...
13:00:37 INFO  : The hardware specification used by project 're_raycaster' is out of sync with the platform. Resource files extracted from the hardware specification will be updated.
13:00:37 INFO  : The file 'C:\Users\Aditya\ece385\final_project\raycaster_final_v1\re_workspace\re_raycaster\_ide\bitstream\mb_usb_hdmi_top.bit' stored in project is removed.
13:00:37 INFO  : The file 'C:\Users\Aditya\ece385\final_project\raycaster_final_v1\re_workspace\re_raycaster\_ide\bitstream\mb_usb_hdmi_top.mmi' stored in project is removed.
13:00:37 INFO  : The updated bitstream files are copied from platform to folder 'C:\Users\Aditya\ece385\final_project\raycaster_final_v1\re_workspace\re_raycaster\_ide\bitstream' in project 're_raycaster'.
13:00:53 INFO  : Connected to target on host '127.0.0.1' and port '3121'.
13:00:53 INFO  : Jtag cable 'RealDigital Boo 887429230027A' is selected.
13:00:53 INFO  : 'jtag frequency' command is executed.
13:00:53 INFO  : 'targets -set -filter {jtag_cable_name =~ "RealDigital Boo 887429230027A" && level==0 && jtag_device_ctx=="jsn1-0362f093-0"}' command is executed.
13:00:55 INFO  : Device configured successfully with "C:/Users/Aditya/ece385/final_project/raycaster_final_v1/re_workspace/re_raycaster/_ide/bitstream/mb_usb_hdmi_top.bit"
13:00:55 INFO  : Context for processor 'microblaze_0' is selected.
13:00:55 INFO  : Hardware design and registers information is loaded from 'C:/Users/Aditya/ece385/final_project/raycaster_final_v1/re_workspace/mb_usb_hdmi_top/export/mb_usb_hdmi_top/hw/mb_usb_hdmi_top.xsa'.
13:00:55 INFO  : 'configparams mdm-detect-bscan-mask 2' command is executed.
13:00:55 INFO  : Context for processor 'microblaze_0' is selected.
13:00:55 INFO  : System reset is completed.
13:00:58 INFO  : 'after 3000' command is executed.
13:00:58 INFO  : Context for processor 'microblaze_0' is selected.
13:00:58 INFO  : The application 'C:/Users/Aditya/ece385/final_project/raycaster_final_v1/re_workspace/re_raycaster/Debug/re_raycaster.elf' is downloaded to processor 'microblaze_0'.
13:00:58 INFO  : ----------------XSDB Script----------------
connect -url tcp:127.0.0.1:3121
targets -set -filter {jtag_cable_name =~ "RealDigital Boo 887429230027A" && level==0 && jtag_device_ctx=="jsn1-0362f093-0"}
fpga -file C:/Users/Aditya/ece385/final_project/raycaster_final_v1/re_workspace/re_raycaster/_ide/bitstream/mb_usb_hdmi_top.bit
targets -set -nocase -filter {name =~ "*microblaze*#0" && bscan=="USER2" }
loadhw -hw C:/Users/Aditya/ece385/final_project/raycaster_final_v1/re_workspace/mb_usb_hdmi_top/export/mb_usb_hdmi_top/hw/mb_usb_hdmi_top.xsa -regs
configparams mdm-detect-bscan-mask 2
targets -set -nocase -filter {name =~ "*microblaze*#0" && bscan=="USER2" }
rst -system
after 3000
targets -set -nocase -filter {name =~ "*microblaze*#0" && bscan=="USER2" }
dow C:/Users/Aditya/ece385/final_project/raycaster_final_v1/re_workspace/re_raycaster/Debug/re_raycaster.elf
----------------End of Script----------------

13:00:58 INFO  : Context for processor 'microblaze_0' is selected.
13:00:58 INFO  : 'con' command is executed.
13:00:58 INFO  : ----------------XSDB Script (After Launch)----------------
targets -set -nocase -filter {name =~ "*microblaze*#0" && bscan=="USER2" }
con
----------------End of Script----------------

13:00:58 INFO  : Disconnected from the channel tcfchan#28.
13:13:01 INFO  : Hardware specification for platform project 'mb_usb_hdmi_top' is updated.
13:13:11 INFO  : Result from executing command 'removePlatformRepo': 
13:14:02 INFO  : Result from executing command 'getProjects': mb_usb_hdmi_top
13:14:02 INFO  : Result from executing command 'getPlatforms': 
13:14:03 INFO  : Checking for BSP changes to sync application flags for project 're_raycaster'...
13:14:08 INFO  : The hardware specification used by project 're_raycaster' is out of sync with the platform. Resource files extracted from the hardware specification will be updated.
13:14:08 INFO  : The file 'C:\Users\Aditya\ece385\final_project\raycaster_final_v1\re_workspace\re_raycaster\_ide\bitstream\mb_usb_hdmi_top.bit' stored in project is removed.
13:14:08 INFO  : The file 'C:\Users\Aditya\ece385\final_project\raycaster_final_v1\re_workspace\re_raycaster\_ide\bitstream\mb_usb_hdmi_top.mmi' stored in project is removed.
13:14:08 INFO  : The updated bitstream files are copied from platform to folder 'C:\Users\Aditya\ece385\final_project\raycaster_final_v1\re_workspace\re_raycaster\_ide\bitstream' in project 're_raycaster'.
13:14:41 INFO  : Connected to target on host '127.0.0.1' and port '3121'.
13:14:42 INFO  : Jtag cable 'RealDigital Boo 887429230027A' is selected.
13:14:42 INFO  : 'jtag frequency' command is executed.
13:14:42 INFO  : 'targets -set -filter {jtag_cable_name =~ "RealDigital Boo 887429230027A" && level==0 && jtag_device_ctx=="jsn1-0362f093-0"}' command is executed.
13:14:43 INFO  : Device configured successfully with "C:/Users/Aditya/ece385/final_project/raycaster_final_v1/re_workspace/re_raycaster/_ide/bitstream/mb_usb_hdmi_top.bit"
13:14:43 INFO  : Context for processor 'microblaze_0' is selected.
13:14:43 INFO  : Hardware design and registers information is loaded from 'C:/Users/Aditya/ece385/final_project/raycaster_final_v1/re_workspace/mb_usb_hdmi_top/export/mb_usb_hdmi_top/hw/mb_usb_hdmi_top.xsa'.
13:14:43 INFO  : 'configparams mdm-detect-bscan-mask 2' command is executed.
13:14:44 INFO  : Context for processor 'microblaze_0' is selected.
13:14:44 INFO  : System reset is completed.
13:14:47 INFO  : 'after 3000' command is executed.
13:14:47 INFO  : Context for processor 'microblaze_0' is selected.
13:14:47 INFO  : The application 'C:/Users/Aditya/ece385/final_project/raycaster_final_v1/re_workspace/re_raycaster/Debug/re_raycaster.elf' is downloaded to processor 'microblaze_0'.
13:14:47 INFO  : ----------------XSDB Script----------------
connect -url tcp:127.0.0.1:3121
targets -set -filter {jtag_cable_name =~ "RealDigital Boo 887429230027A" && level==0 && jtag_device_ctx=="jsn1-0362f093-0"}
fpga -file C:/Users/Aditya/ece385/final_project/raycaster_final_v1/re_workspace/re_raycaster/_ide/bitstream/mb_usb_hdmi_top.bit
targets -set -nocase -filter {name =~ "*microblaze*#0" && bscan=="USER2" }
loadhw -hw C:/Users/Aditya/ece385/final_project/raycaster_final_v1/re_workspace/mb_usb_hdmi_top/export/mb_usb_hdmi_top/hw/mb_usb_hdmi_top.xsa -regs
configparams mdm-detect-bscan-mask 2
targets -set -nocase -filter {name =~ "*microblaze*#0" && bscan=="USER2" }
rst -system
after 3000
targets -set -nocase -filter {name =~ "*microblaze*#0" && bscan=="USER2" }
dow C:/Users/Aditya/ece385/final_project/raycaster_final_v1/re_workspace/re_raycaster/Debug/re_raycaster.elf
----------------End of Script----------------

13:14:47 INFO  : Context for processor 'microblaze_0' is selected.
13:14:47 INFO  : 'con' command is executed.
13:14:47 INFO  : ----------------XSDB Script (After Launch)----------------
targets -set -nocase -filter {name =~ "*microblaze*#0" && bscan=="USER2" }
con
----------------End of Script----------------

13:14:47 INFO  : Launch script is exported to file 'C:\Users\Aditya\ece385\final_project\raycaster_final_v1\re_workspace\re_raycaster_system\_ide\scripts\systemdebugger_re_raycaster_system_standalone.tcl'
13:21:00 INFO  : Hardware specification for platform project 'mb_usb_hdmi_top' is updated.
13:21:17 INFO  : Result from executing command 'removePlatformRepo': 
13:22:02 INFO  : Result from executing command 'getProjects': mb_usb_hdmi_top
13:22:02 INFO  : Result from executing command 'getPlatforms': 
13:22:02 INFO  : Checking for BSP changes to sync application flags for project 're_raycaster'...
13:22:08 INFO  : The hardware specification used by project 're_raycaster' is out of sync with the platform. Resource files extracted from the hardware specification will be updated.
13:22:08 INFO  : The file 'C:\Users\Aditya\ece385\final_project\raycaster_final_v1\re_workspace\re_raycaster\_ide\bitstream\mb_usb_hdmi_top.bit' stored in project is removed.
13:22:08 INFO  : The file 'C:\Users\Aditya\ece385\final_project\raycaster_final_v1\re_workspace\re_raycaster\_ide\bitstream\mb_usb_hdmi_top.mmi' stored in project is removed.
13:22:08 INFO  : The updated bitstream files are copied from platform to folder 'C:\Users\Aditya\ece385\final_project\raycaster_final_v1\re_workspace\re_raycaster\_ide\bitstream' in project 're_raycaster'.
13:22:23 INFO  : Disconnected from the channel tcfchan#31.
13:22:23 INFO  : Connected to target on host '127.0.0.1' and port '3121'.
13:22:24 INFO  : Jtag cable 'RealDigital Boo 887429230027A' is selected.
13:22:24 INFO  : 'jtag frequency' command is executed.
13:22:24 INFO  : 'targets -set -filter {jtag_cable_name =~ "RealDigital Boo 887429230027A" && level==0 && jtag_device_ctx=="jsn1-0362f093-0"}' command is executed.
13:22:25 INFO  : Device configured successfully with "C:/Users/Aditya/ece385/final_project/raycaster_final_v1/re_workspace/re_raycaster/_ide/bitstream/mb_usb_hdmi_top.bit"
13:22:25 INFO  : Context for processor 'microblaze_0' is selected.
13:22:25 INFO  : Hardware design and registers information is loaded from 'C:/Users/Aditya/ece385/final_project/raycaster_final_v1/re_workspace/mb_usb_hdmi_top/export/mb_usb_hdmi_top/hw/mb_usb_hdmi_top.xsa'.
13:22:25 INFO  : 'configparams mdm-detect-bscan-mask 2' command is executed.
13:22:25 INFO  : Context for processor 'microblaze_0' is selected.
13:22:25 INFO  : System reset is completed.
13:22:28 INFO  : 'after 3000' command is executed.
13:22:28 INFO  : Context for processor 'microblaze_0' is selected.
13:22:28 INFO  : The application 'C:/Users/Aditya/ece385/final_project/raycaster_final_v1/re_workspace/re_raycaster/Debug/re_raycaster.elf' is downloaded to processor 'microblaze_0'.
13:22:28 INFO  : ----------------XSDB Script----------------
connect -url tcp:127.0.0.1:3121
targets -set -filter {jtag_cable_name =~ "RealDigital Boo 887429230027A" && level==0 && jtag_device_ctx=="jsn1-0362f093-0"}
fpga -file C:/Users/Aditya/ece385/final_project/raycaster_final_v1/re_workspace/re_raycaster/_ide/bitstream/mb_usb_hdmi_top.bit
targets -set -nocase -filter {name =~ "*microblaze*#0" && bscan=="USER2" }
loadhw -hw C:/Users/Aditya/ece385/final_project/raycaster_final_v1/re_workspace/mb_usb_hdmi_top/export/mb_usb_hdmi_top/hw/mb_usb_hdmi_top.xsa -regs
configparams mdm-detect-bscan-mask 2
targets -set -nocase -filter {name =~ "*microblaze*#0" && bscan=="USER2" }
rst -system
after 3000
targets -set -nocase -filter {name =~ "*microblaze*#0" && bscan=="USER2" }
dow C:/Users/Aditya/ece385/final_project/raycaster_final_v1/re_workspace/re_raycaster/Debug/re_raycaster.elf
----------------End of Script----------------

13:22:29 INFO  : Context for processor 'microblaze_0' is selected.
13:22:29 INFO  : 'con' command is executed.
13:22:29 INFO  : ----------------XSDB Script (After Launch)----------------
targets -set -nocase -filter {name =~ "*microblaze*#0" && bscan=="USER2" }
con
----------------End of Script----------------

13:22:29 INFO  : Launch script is exported to file 'C:\Users\Aditya\ece385\final_project\raycaster_final_v1\re_workspace\re_raycaster_system\_ide\scripts\systemdebugger_re_raycaster_system_standalone.tcl'
13:48:06 INFO  : Result from executing command 'removePlatformRepo': 
13:48:29 INFO  : Result from executing command 'getProjects': mb_usb_hdmi_top
13:48:29 INFO  : Result from executing command 'getPlatforms': 
13:48:30 INFO  : Checking for BSP changes to sync application flags for project 're_raycaster'...
13:48:42 INFO  : Disconnected from the channel tcfchan#34.
13:48:42 INFO  : Connected to target on host '127.0.0.1' and port '3121'.
13:48:42 INFO  : Jtag cable 'RealDigital Boo 887429230027A' is selected.
13:48:42 INFO  : 'jtag frequency' command is executed.
13:48:43 INFO  : 'targets -set -filter {jtag_cable_name =~ "RealDigital Boo 887429230027A" && level==0 && jtag_device_ctx=="jsn1-0362f093-0"}' command is executed.
13:48:44 INFO  : Device configured successfully with "C:/Users/Aditya/ece385/final_project/raycaster_final_v1/re_workspace/re_raycaster/_ide/bitstream/mb_usb_hdmi_top.bit"
13:48:44 INFO  : Context for processor 'microblaze_0' is selected.
13:48:44 INFO  : Hardware design and registers information is loaded from 'C:/Users/Aditya/ece385/final_project/raycaster_final_v1/re_workspace/mb_usb_hdmi_top/export/mb_usb_hdmi_top/hw/mb_usb_hdmi_top.xsa'.
13:48:44 INFO  : 'configparams mdm-detect-bscan-mask 2' command is executed.
13:48:44 INFO  : Context for processor 'microblaze_0' is selected.
13:48:44 INFO  : System reset is completed.
13:48:47 INFO  : 'after 3000' command is executed.
13:48:47 INFO  : Context for processor 'microblaze_0' is selected.
13:48:47 INFO  : The application 'C:/Users/Aditya/ece385/final_project/raycaster_final_v1/re_workspace/re_raycaster/Debug/re_raycaster.elf' is downloaded to processor 'microblaze_0'.
13:48:47 INFO  : ----------------XSDB Script----------------
connect -url tcp:127.0.0.1:3121
targets -set -filter {jtag_cable_name =~ "RealDigital Boo 887429230027A" && level==0 && jtag_device_ctx=="jsn1-0362f093-0"}
fpga -file C:/Users/Aditya/ece385/final_project/raycaster_final_v1/re_workspace/re_raycaster/_ide/bitstream/mb_usb_hdmi_top.bit
targets -set -nocase -filter {name =~ "*microblaze*#0" && bscan=="USER2" }
loadhw -hw C:/Users/Aditya/ece385/final_project/raycaster_final_v1/re_workspace/mb_usb_hdmi_top/export/mb_usb_hdmi_top/hw/mb_usb_hdmi_top.xsa -regs
configparams mdm-detect-bscan-mask 2
targets -set -nocase -filter {name =~ "*microblaze*#0" && bscan=="USER2" }
rst -system
after 3000
targets -set -nocase -filter {name =~ "*microblaze*#0" && bscan=="USER2" }
dow C:/Users/Aditya/ece385/final_project/raycaster_final_v1/re_workspace/re_raycaster/Debug/re_raycaster.elf
----------------End of Script----------------

13:48:47 INFO  : Context for processor 'microblaze_0' is selected.
13:48:47 INFO  : 'con' command is executed.
13:48:47 INFO  : ----------------XSDB Script (After Launch)----------------
targets -set -nocase -filter {name =~ "*microblaze*#0" && bscan=="USER2" }
con
----------------End of Script----------------

13:48:47 INFO  : Launch script is exported to file 'C:\Users\Aditya\ece385\final_project\raycaster_final_v1\re_workspace\re_raycaster_system\_ide\scripts\systemdebugger_re_raycaster_system_standalone.tcl'
13:51:02 INFO  : Result from executing command 'removePlatformRepo': 
13:52:01 INFO  : Result from executing command 'getProjects': mb_usb_hdmi_top
13:52:01 INFO  : Result from executing command 'getPlatforms': 
13:52:01 INFO  : Checking for BSP changes to sync application flags for project 're_raycaster'...
13:52:11 INFO  : Disconnected from the channel tcfchan#37.
13:52:11 INFO  : Connected to target on host '127.0.0.1' and port '3121'.
13:52:11 INFO  : Jtag cable 'RealDigital Boo 887429230027A' is selected.
13:52:11 INFO  : 'jtag frequency' command is executed.
13:52:11 INFO  : 'targets -set -filter {jtag_cable_name =~ "RealDigital Boo 887429230027A" && level==0 && jtag_device_ctx=="jsn1-0362f093-0"}' command is executed.
13:52:13 INFO  : Device configured successfully with "C:/Users/Aditya/ece385/final_project/raycaster_final_v1/re_workspace/re_raycaster/_ide/bitstream/mb_usb_hdmi_top.bit"
13:52:13 INFO  : Context for processor 'microblaze_0' is selected.
13:52:13 INFO  : Hardware design and registers information is loaded from 'C:/Users/Aditya/ece385/final_project/raycaster_final_v1/re_workspace/mb_usb_hdmi_top/export/mb_usb_hdmi_top/hw/mb_usb_hdmi_top.xsa'.
13:52:13 INFO  : 'configparams mdm-detect-bscan-mask 2' command is executed.
13:52:13 INFO  : Context for processor 'microblaze_0' is selected.
13:52:13 INFO  : System reset is completed.
13:52:16 INFO  : 'after 3000' command is executed.
13:52:16 INFO  : Context for processor 'microblaze_0' is selected.
13:52:16 INFO  : The application 'C:/Users/Aditya/ece385/final_project/raycaster_final_v1/re_workspace/re_raycaster/Debug/re_raycaster.elf' is downloaded to processor 'microblaze_0'.
13:52:16 INFO  : ----------------XSDB Script----------------
connect -url tcp:127.0.0.1:3121
targets -set -filter {jtag_cable_name =~ "RealDigital Boo 887429230027A" && level==0 && jtag_device_ctx=="jsn1-0362f093-0"}
fpga -file C:/Users/Aditya/ece385/final_project/raycaster_final_v1/re_workspace/re_raycaster/_ide/bitstream/mb_usb_hdmi_top.bit
targets -set -nocase -filter {name =~ "*microblaze*#0" && bscan=="USER2" }
loadhw -hw C:/Users/Aditya/ece385/final_project/raycaster_final_v1/re_workspace/mb_usb_hdmi_top/export/mb_usb_hdmi_top/hw/mb_usb_hdmi_top.xsa -regs
configparams mdm-detect-bscan-mask 2
targets -set -nocase -filter {name =~ "*microblaze*#0" && bscan=="USER2" }
rst -system
after 3000
targets -set -nocase -filter {name =~ "*microblaze*#0" && bscan=="USER2" }
dow C:/Users/Aditya/ece385/final_project/raycaster_final_v1/re_workspace/re_raycaster/Debug/re_raycaster.elf
----------------End of Script----------------

13:52:16 INFO  : Context for processor 'microblaze_0' is selected.
13:52:16 INFO  : 'con' command is executed.
13:52:16 INFO  : ----------------XSDB Script (After Launch)----------------
targets -set -nocase -filter {name =~ "*microblaze*#0" && bscan=="USER2" }
con
----------------End of Script----------------

13:52:16 INFO  : Launch script is exported to file 'C:\Users\Aditya\ece385\final_project\raycaster_final_v1\re_workspace\re_raycaster_system\_ide\scripts\systemdebugger_re_raycaster_system_standalone.tcl'
